c:\users\ander\onedrive\skrivebord\itu\bachelorprojekt2024\espresso-control-system\pid_controller\pid_controller\simulation\debug\vc142.pdb
c:\users\ander\onedrive\skrivebord\itu\bachelorprojekt2024\espresso-control-system\pid_controller\pid_controller\simulation\debug\vc142.idb
c:\users\ander\onedrive\skrivebord\itu\bachelorprojekt2024\espresso-control-system\pid_controller\pid_controller\simulation\debug\utils.obj
c:\users\ander\onedrive\skrivebord\itu\bachelorprojekt2024\espresso-control-system\pid_controller\pid_controller\simulation\debug\main.obj
c:\users\ander\onedrive\skrivebord\itu\bachelorprojekt2024\espresso-control-system\pid_controller\pid_controller\simulation\debug\controlsystem.obj
c:\users\ander\onedrive\skrivebord\itu\bachelorprojekt2024\espresso-control-system\pid_controller\pid_controller\simulation\debug\tasks.obj
c:\users\ander\onedrive\skrivebord\itu\bachelorprojekt2024\espresso-control-system\pid_controller\pid_controller\simulation\debug\supporting_functions.obj
c:\users\ander\onedrive\skrivebord\itu\bachelorprojekt2024\espresso-control-system\pid_controller\pid_controller\simulation\debug\queue.obj
c:\users\ander\onedrive\skrivebord\itu\bachelorprojekt2024\espresso-control-system\pid_controller\pid_controller\simulation\debug\port.obj
c:\users\ander\onedrive\skrivebord\itu\bachelorprojekt2024\espresso-control-system\pid_controller\pid_controller\simulation\debug\plant.obj
c:\users\ander\onedrive\skrivebord\itu\bachelorprojekt2024\espresso-control-system\pid_controller\pid_controller\simulation\debug\list.obj
c:\users\ander\onedrive\skrivebord\itu\bachelorprojekt2024\espresso-control-system\pid_controller\pid_controller\simulation\debug\heap_4.obj
c:\users\ander\onedrive\skrivebord\itu\bachelorprojekt2024\espresso-control-system\pid_controller\pid_controller\simulation\debug\event_groups.obj
c:\users\ander\onedrive\skrivebord\itu\bachelorprojekt2024\espresso-control-system\pid_controller\pid_controller\simulation\debug\simulation.ilk
c:\users\ander\onedrive\skrivebord\itu\bachelorprojekt2024\espresso-control-system\pid_controller\pid_controller\simulation\debug\simulation.exe
c:\users\ander\onedrive\skrivebord\itu\bachelorprojekt2024\espresso-control-system\pid_controller\pid_controller\simulation\debug\simulation.pdb
c:\users\ander\onedrive\skrivebord\itu\bachelorprojekt2024\espresso-control-system\pid_controller\pid_controller\simulation\debug\simulation.tlog\cl.command.1.tlog
c:\users\ander\onedrive\skrivebord\itu\bachelorprojekt2024\espresso-control-system\pid_controller\pid_controller\simulation\debug\simulation.tlog\cl.read.1.tlog
c:\users\ander\onedrive\skrivebord\itu\bachelorprojekt2024\espresso-control-system\pid_controller\pid_controller\simulation\debug\simulation.tlog\cl.write.1.tlog
c:\users\ander\onedrive\skrivebord\itu\bachelorprojekt2024\espresso-control-system\pid_controller\pid_controller\simulation\debug\simulation.tlog\link.command.1.tlog
c:\users\ander\onedrive\skrivebord\itu\bachelorprojekt2024\espresso-control-system\pid_controller\pid_controller\simulation\debug\simulation.tlog\link.read.1.tlog
c:\users\ander\onedrive\skrivebord\itu\bachelorprojekt2024\espresso-control-system\pid_controller\pid_controller\simulation\debug\simulation.tlog\link.write.1.tlog
